#
# There is insufficient memory for the Java Runtime Environment to continue.
# Native memory allocation (malloc) failed to allocate 32744 bytes for ChunkPool::allocate
# Possible reasons:
#   The system is out of physical RAM or swap space
#   The process is running with CompressedOops enabled, and the Java Heap may be blocking the growth of the native heap
# Possible solutions:
#   Reduce memory load on the system
#   Increase physical memory or swap space
#   Check if swap backing store is full
#   Decrease Java heap size (-Xmx/-Xms)
#   Decrease number of Java threads
#   Decrease Java thread stack sizes (-Xss)
#   Set larger code cache with -XX:ReservedCodeCacheSize=
#   JVM is running with Unscaled Compressed Oops mode in which the Java heap is
#     placed in the first 4GB address space. The Java Heap base address is the
#     maximum limit for the native heap growth. Please use -XX:HeapBaseMinAddress
#     to set the Java Heap base and to place the Java Heap above 4GB virtual address.
# This output file may be truncated or incomplete.
#
#  Out of Memory Error (allocation.cpp:272), pid=22632, tid=0x00000000000042f4
#
# JRE version: OpenJDK Runtime Environment (8.0_202-b03) (build 1.8.0_202-release-1483-b03)
# Java VM: OpenJDK 64-Bit Server VM (25.202-b03 mixed mode windows-amd64 compressed oops)
# Failed to write core dump. Minidumps are not enabled by default on client versions of Windows
#

---------------  T H R E A D  ---------------

Current thread (0x00000000162cb000):  JavaThread "C1 CompilerThread2" daemon [_thread_in_native, id=17140, stack(0x0000000017b20000,0x0000000017c20000)]

Stack: [0x0000000017b20000,0x0000000017c20000]
[error occurred during error reporting (printing stack bounds), id 0xc0000005]

Native frames: (J=compiled Java code, j=interpreted, Vv=VM code, C=native code)


Current CompileTask:
C1:  93896 13627       3       com.android.tools.r8.code.InstructionFactory::readSequenceFrom (4072 bytes)


---------------  P R O C E S S  ---------------

Java Threads: ( => current thread )
  0x0000000025895000 JavaThread "ForkJoinPool-2-worker-0" daemon [_thread_in_vm, id=20148, stack(0x0000000027660000,0x0000000027760000)]
  0x0000000025891800 JavaThread "ForkJoinPool-2-worker-3" daemon [_thread_in_vm, id=22960, stack(0x0000000027560000,0x0000000027660000)]
  0x0000000019912000 JavaThread "ForkJoinPool-2-worker-2" daemon [_thread_in_vm, id=14152, stack(0x0000000027460000,0x0000000027560000)]
  0x0000000019911800 JavaThread "ForkJoinPool-2-worker-1" daemon [_thread_in_vm, id=19256, stack(0x0000000027360000,0x0000000027460000)]
  0x0000000019913800 JavaThread "ForkJoinPool-3-worker-0" daemon [_thread_in_Java, id=16908, stack(0x0000000022fd0000,0x00000000230d0000)]
  0x0000000019909000 JavaThread "ForkJoinPool-3-worker-3" daemon [_thread_blocked, id=19896, stack(0x000000001aa70000,0x000000001ab70000)]
  0x0000000019910000 JavaThread "ForkJoinPool-3-worker-2" daemon [_thread_blocked, id=13232, stack(0x0000000000d20000,0x0000000000e20000)]
  0x000000001990f000 JavaThread "ForkJoinPool-3-worker-1" daemon [_thread_blocked, id=15372, stack(0x0000000000c20000,0x0000000000d20000)]
  0x000000001990d800 JavaThread "WorkerExecutor Queue Thread 8" [_thread_blocked, id=23236, stack(0x0000000000b20000,0x0000000000c20000)]
  0x000000001f09e800 JavaThread "WorkerExecutor Queue Thread 7" [_thread_blocked, id=24344, stack(0x0000000022ad0000,0x0000000022bd0000)]
  0x0000000019907800 JavaThread "WorkerExecutor Queue Thread 4" [_thread_blocked, id=23028, stack(0x00000000235d0000,0x00000000236d0000)]
  0x000000001990d000 JavaThread "WorkerExecutor Queue Thread 2" [_thread_blocked, id=14348, stack(0x0000000022ed0000,0x0000000022fd0000)]
  0x0000000019906000 JavaThread "stdout" [_thread_in_native, id=17832, stack(0x0000000022dd0000,0x0000000022ed0000)]
  0x0000000019904800 JavaThread "stderr" [_thread_in_native, id=23072, stack(0x0000000022cd0000,0x0000000022dd0000)]
  0x000000001990a000 JavaThread "pool-2-thread-1" [_thread_blocked, id=4952, stack(0x0000000022bd0000,0x0000000022cd0000)]
  0x000000001f0a0800 JavaThread "Cache worker for execution history cache (C:\Users\Owner\Desktop\albums\part4\.gradle\5.4.1\executionHistory)" [_thread_blocked, id=23052, stack(0x00000000227d0000,0x00000000228d0000)]
  0x000000001f096000 JavaThread "Execution worker for ':' Thread 3" [_thread_in_vm, id=7292, stack(0x00000000226d0000,0x00000000227d0000)]
  0x000000001f09c000 JavaThread "Execution worker for ':' Thread 2" [_thread_blocked, id=6216, stack(0x00000000225d0000,0x00000000226d0000)]
  0x000000001f09b800 JavaThread "Execution worker for ':'" [_thread_blocked, id=23376, stack(0x00000000224d0000,0x00000000225d0000)]
  0x000000001f09d000 JavaThread "Cache worker for file content cache (C:\Users\Owner\Desktop\albums\part4\.gradle\5.4.1\fileContent)" [_thread_blocked, id=23700, stack(0x0000000021dd0000,0x0000000021ed0000)]
  0x000000001f09a800 JavaThread "Cache worker for file content cache (C:\Users\Owner\.gradle\caches\5.4.1\fileContent)" [_thread_blocked, id=17792, stack(0x0000000021cd0000,0x0000000021dd0000)]
  0x000000001f094800 JavaThread "Memory manager" [_thread_blocked, id=18780, stack(0x0000000021bd0000,0x0000000021cd0000)]
  0x000000001f09a000 JavaThread "Cache worker for Build Output Cleanup Cache (C:\Users\Owner\Desktop\albums\part4\.gradle\buildOutputCleanup)" [_thread_blocked, id=20464, stack(0x00000000206b0000,0x00000000207b0000)]
  0x000000001f099000 JavaThread "Build operations Thread 4" [_thread_blocked, id=13724, stack(0x0000000020cd0000,0x0000000020dd0000)]
  0x000000001f094000 JavaThread "Build operations Thread 3" [_thread_blocked, id=22252, stack(0x0000000020950000,0x0000000020a50000)]
  0x000000001f098800 JavaThread "Build operations Thread 2" [_thread_blocked, id=23504, stack(0x0000000020850000,0x0000000020950000)]
  0x000000001f097800 JavaThread "Build operations" [_thread_blocked, id=15472, stack(0x00000000203b0000,0x00000000204b0000)]
  0x000000001f091800 JavaThread "Cache worker for execution history cache (C:\Users\Owner\.gradle\caches\5.4.1\executionHistory)" [_thread_blocked, id=14500, stack(0x00000000202b0000,0x00000000203b0000)]
  0x000000001f095800 JavaThread "Cache worker for cache directory md-rule (C:\Users\Owner\.gradle\caches\5.4.1\md-rule)" [_thread_blocked, id=4680, stack(0x00000000201b0000,0x00000000202b0000)]
  0x0000000019652000 JavaThread "Cache worker for cache directory md-supplier (C:\Users\Owner\.gradle\caches\5.4.1\md-supplier)" [_thread_blocked, id=11912, stack(0x000000001e950000,0x000000001ea50000)]
  0x0000000019653800 JavaThread "Cache worker for file hash cache (C:\Users\Owner\Desktop\albums\part4\.gradle\5.4.1\fileHashes)" [_thread_blocked, id=15724, stack(0x000000001fab0000,0x000000001fbb0000)]
  0x0000000019652800 JavaThread "Cache worker for journal cache (C:\Users\Owner\.gradle\caches\journal-1)" [_thread_blocked, id=20260, stack(0x000000001ae70000,0x000000001af70000)]
  0x0000000019654000 JavaThread "File lock request listener" [_thread_in_native, id=8540, stack(0x000000001ad70000,0x000000001ae70000)]
  0x000000001964f800 JavaThread "Cache worker for file hash cache (C:\Users\Owner\.gradle\caches\5.4.1\fileHashes)" [_thread_blocked, id=15212, stack(0x000000001ac70000,0x000000001ad70000)]
  0x000000001906b800 JavaThread "Thread-9" [_thread_blocked, id=14256, stack(0x000000001ab70000,0x000000001ac70000)]
  0x0000000019059000 JavaThread "Asynchronous log dispatcher for DefaultDaemonConnection: socket connection from /127.0.0.1:50362 to /127.0.0.1:50363" [_thread_blocked, id=24224, stack(0x000000001a970000,0x000000001aa70000)]
  0x0000000019049800 JavaThread "Daemon worker" [_thread_blocked, id=22672, stack(0x000000001a870000,0x000000001a970000)]
  0x0000000019043800 JavaThread "Cancel handler" [_thread_blocked, id=16508, stack(0x000000001a770000,0x000000001a870000)]
  0x0000000019422800 JavaThread "Handler for socket connection from /127.0.0.1:50362 to /127.0.0.1:50363" [_thread_in_native, id=24392, stack(0x000000001a470000,0x000000001a570000)]
  0x000000001941d800 JavaThread "Daemon" [_thread_blocked, id=22012, stack(0x000000001a370000,0x000000001a470000)]
  0x00000000193cb000 JavaThread "Daemon periodic checks" [_thread_blocked, id=23868, stack(0x000000001a270000,0x000000001a370000)]
  0x00000000192fb800 JavaThread "Incoming local TCP Connector on port 50362" [_thread_in_native, id=10012, stack(0x000000001a030000,0x000000001a130000)]
  0x0000000019181000 JavaThread "Daemon health stats" [_thread_blocked, id=18624, stack(0x00000000199f0000,0x0000000019af0000)]
  0x0000000017c48800 JavaThread "Service Thread" daemon [_thread_blocked, id=5560, stack(0x0000000018020000,0x0000000018120000)]
=>0x00000000162cb000 JavaThread "C1 CompilerThread2" daemon [_thread_in_native, id=17140, stack(0x0000000017b20000,0x0000000017c20000)]
  0x00000000162bd800 JavaThread "C2 CompilerThread1" daemon [_thread_in_vm, id=15124, stack(0x0000000017a20000,0x0000000017b20000)]
  0x00000000162bb800 JavaThread "C2 CompilerThread0" daemon [_thread_in_native, id=13168, stack(0x0000000017920000,0x0000000017a20000)]
  0x00000000162ca000 JavaThread "Attach Listener" daemon [_thread_blocked, id=24116, stack(0x0000000017820000,0x0000000017920000)]
  0x00000000162c9000 JavaThread "Signal Dispatcher" daemon [_thread_blocked, id=1148, stack(0x0000000017720000,0x0000000017820000)]
  0x000000000284d800 JavaThread "Finalizer" daemon [_thread_blocked, id=14420, stack(0x0000000017520000,0x0000000017620000)]
  0x0000000002842800 JavaThread "Reference Handler" daemon [_thread_blocked, id=21268, stack(0x0000000017420000,0x0000000017520000)]
  0x000000000294d800 JavaThread "main" [_thread_blocked, id=23392, stack(0x0000000000e20000,0x0000000000f20000)]

Other Threads:
  0x0000000016286000 VMThread [stack: 0x0000000017320000,0x0000000017420000] [id=7092]
  0x0000000017c49000 WatcherThread [stack: 0x0000000018120000,0x0000000018220000] [id=11488]

VM state:not at safepoint (normal execution)

VM Mutex/Monitor currently owned by a thread:  ([mutex/lock_event])
[0x000000000294c210] CodeCache_lock - owner thread: 0x00000000162bd800
[0x00000000027516d0] Compile_lock - owner thread: 0x00000000162bd800
[0x0000000002750ad0] MethodCompileQueue_lock - owner thread: 0x00000000162bd800

heap address: 0x00000000a0000000, size: 1536 MB, Compressed Oops mode: 32-bit
Narrow klass base: 0x0000000000000000, Narrow klass shift: 3
Compressed class space size: 1073741824 Address: 0x0000000100000000

Heap:
 PSYoungGen      total 253952K, used 85479K [0x00000000e0000000, 0x00000000f2f80000, 0x0000000100000000)
  eden space 229888K, 30% used [0x00000000e0000000,0x00000000e4482ad8,0x00000000ee080000)
  from space 24064K, 63% used [0x00000000ee080000,0x00000000eef77148,0x00000000ef800000)
  to   space 24576K, 0% used [0x00000000f1780000,0x00000000f1780000,0x00000000f2f80000)
 ParOldGen       total 125440K, used 57184K [0x00000000a0000000, 0x00000000a7a80000, 0x00000000e0000000)
  object space 125440K, 45% used [0x00000000a0000000,0x00000000a37d8048,0x00000000a7a80000)
 Metaspace       used 73561K, capacity 76554K, committed 76760K, reserved 1116160K
  class space    used 9822K, capacity 10432K, committed 10496K, reserved 1048576K

Card table byte_map: [0x0000000011d10000,0x0000000012020000] byte_map_base: 0x0000000011810000

Marking Bits: (ParMarkBitMap*) 0x0000000058d69f30
 Begin Bits: [0x0000000012620000, 0x0000000013e20000)
 End Bits:   [0x0000000013e20000, 0x0000000015620000)

Polling page: 0x00000000005f0000

CodeCache: size=245760Kb used=38053Kb max_used=39112Kb free=207706Kb
 bounds [0x0000000002950000, 0x0000000005010000, 0x0000000011950000]
 total_blobs=12109 nmethods=11278 adapters=743
 compilation: enabled

Compilation events (10 events):
Event: 93.746 Thread 0x00000000162bb800 13607       4       com.android.tools.r8.dex.VirtualFile$g::b (17 bytes)
Event: 93.747 Thread 0x00000000162cb000 13622       3       java.io.ObjectStreamClass::getSuperDesc (9 bytes)
Event: 93.766 Thread 0x00000000162cb000 nmethod 13622 0x0000000002bb3990 code [0x0000000002bb3b00, 0x0000000002bb3dc8]
Event: 93.766 Thread 0x00000000162cb000 13623       3       java.util.TimSort::gallopLeft (335 bytes)
Event: 93.767 Thread 0x00000000162cb000 nmethod 13623 0x0000000004be0e50 code [0x0000000004be1040, 0x0000000004be1b18]
Event: 93.767 Thread 0x00000000162cb000 13624       3       com.android.tools.r8.dex.ApplicationReader$a$$Lambda$663/1680290698::get$Lambda (11 bytes)
Event: 93.768 Thread 0x00000000162cb000 nmethod 13624 0x0000000004bde210 code [0x0000000004bde380, 0x0000000004bde610]
Event: 93.791 Thread 0x00000000162cb000 13625       3       com.android.tools.r8.code.InvokeDirect::<init> (11 bytes)
Event: 93.792 Thread 0x00000000162cb000 nmethod 13625 0x0000000004be09d0 code [0x0000000004be0b40, 0x0000000004be0d48]
Event: 93.840 Thread 0x00000000162cb000 13627       3       com.android.tools.r8.code.InstructionFactory::readSequenceFrom (4072 bytes)

GC Heap History (10 events):
Event: 63.381 GC heap before
{Heap before GC invocations=25 (full 4):
 PSYoungGen      total 201216K, used 174592K [0x00000000e0000000, 0x00000000ee600000, 0x0000000100000000)
  eden space 174592K, 100% used [0x00000000e0000000,0x00000000eaa80000,0x00000000eaa80000)
  from space 26624K, 0% used [0x00000000ec380000,0x00000000ec380000,0x00000000edd80000)
  to   space 25600K, 0% used [0x00000000eaa80000,0x00000000eaa80000,0x00000000ec380000)
 ParOldGen       total 125440K, used 53704K [0x00000000a0000000, 0x00000000a7a80000, 0x00000000e0000000)
  object space 125440K, 42% used [0x00000000a0000000,0x00000000a3472008,0x00000000a7a80000)
 Metaspace       used 71152K, capacity 73674K, committed 74200K, reserved 1114112K
  class space    used 9555K, capacity 10106K, committed 10240K, reserved 1048576K
Event: 63.518 GC heap after
Heap after GC invocations=25 (full 4):
 PSYoungGen      total 200192K, used 4208K [0x00000000e0000000, 0x00000000ef280000, 0x0000000100000000)
  eden space 174592K, 0% used [0x00000000e0000000,0x00000000e0000000,0x00000000eaa80000)
  from space 25600K, 16% used [0x00000000eaa80000,0x00000000eae9c030,0x00000000ec380000)
  to   space 25088K, 0% used [0x00000000eda00000,0x00000000eda00000,0x00000000ef280000)
 ParOldGen       total 125440K, used 53712K [0x00000000a0000000, 0x00000000a7a80000, 0x00000000e0000000)
  object space 125440K, 42% used [0x00000000a0000000,0x00000000a3474008,0x00000000a7a80000)
 Metaspace       used 71152K, capacity 73674K, committed 74200K, reserved 1114112K
  class space    used 9555K, capacity 10106K, committed 10240K, reserved 1048576K
}
Event: 65.588 GC heap before
{Heap before GC invocations=26 (full 4):
 PSYoungGen      total 200192K, used 178800K [0x00000000e0000000, 0x00000000ef280000, 0x0000000100000000)
  eden space 174592K, 100% used [0x00000000e0000000,0x00000000eaa80000,0x00000000eaa80000)
  from space 25600K, 16% used [0x00000000eaa80000,0x00000000eae9c030,0x00000000ec380000)
  to   space 25088K, 0% used [0x00000000eda00000,0x00000000eda00000,0x00000000ef280000)
 ParOldGen       total 125440K, used 53712K [0x00000000a0000000, 0x00000000a7a80000, 0x00000000e0000000)
  object space 125440K, 42% used [0x00000000a0000000,0x00000000a3474008,0x00000000a7a80000)
 Metaspace       used 71347K, capacity 73912K, committed 74456K, reserved 1114112K
  class space    used 9584K, capacity 10141K, committed 10240K, reserved 1048576K
Event: 65.676 GC heap after
Heap after GC invocations=26 (full 4):
 PSYoungGen      total 221184K, used 7301K [0x00000000e0000000, 0x00000000ef000000, 0x0000000100000000)
  eden space 198656K, 0% used [0x00000000e0000000,0x00000000e0000000,0x00000000ec200000)
  from space 22528K, 32% used [0x00000000eda00000,0x00000000ee1216f8,0x00000000ef000000)
  to   space 23552K, 0% used [0x00000000ec200000,0x00000000ec200000,0x00000000ed900000)
 ParOldGen       total 125440K, used 53712K [0x00000000a0000000, 0x00000000a7a80000, 0x00000000e0000000)
  object space 125440K, 42% used [0x00000000a0000000,0x00000000a3474008,0x00000000a7a80000)
 Metaspace       used 71347K, capacity 73912K, committed 74456K, reserved 1114112K
  class space    used 9584K, capacity 10141K, committed 10240K, reserved 1048576K
}
Event: 70.071 GC heap before
{Heap before GC invocations=27 (full 4):
 PSYoungGen      total 221184K, used 205957K [0x00000000e0000000, 0x00000000ef000000, 0x0000000100000000)
  eden space 198656K, 100% used [0x00000000e0000000,0x00000000ec200000,0x00000000ec200000)
  from space 22528K, 32% used [0x00000000eda00000,0x00000000ee1216f8,0x00000000ef000000)
  to   space 23552K, 0% used [0x00000000ec200000,0x00000000ec200000,0x00000000ed900000)
 ParOldGen       total 125440K, used 53712K [0x00000000a0000000, 0x00000000a7a80000, 0x00000000e0000000)
  object space 125440K, 42% used [0x00000000a0000000,0x00000000a3474008,0x00000000a7a80000)
 Metaspace       used 72310K, capacity 75090K, committed 75352K, reserved 1114112K
  class space    used 9709K, capacity 10276K, committed 10368K, reserved 1048576K
Event: 70.462 GC heap after
Heap after GC invocations=27 (full 4):
 PSYoungGen      total 222208K, used 11605K [0x00000000e0000000, 0x00000000f0e80000, 0x0000000100000000)
  eden space 198656K, 0% used [0x00000000e0000000,0x00000000e0000000,0x00000000ec200000)
  from space 23552K, 49% used [0x00000000ec200000,0x00000000ecd55708,0x00000000ed900000)
  to   space 23040K, 0% used [0x00000000ef800000,0x00000000ef800000,0x00000000f0e80000)
 ParOldGen       total 125440K, used 53720K [0x00000000a0000000, 0x00000000a7a80000, 0x00000000e0000000)
  object space 125440K, 42% used [0x00000000a0000000,0x00000000a3476008,0x00000000a7a80000)
 Metaspace       used 72310K, capacity 75090K, committed 75352K, reserved 1114112K
  class space    used 9709K, capacity 10276K, committed 10368K, reserved 1048576K
}
Event: 75.640 GC heap before
{Heap before GC invocations=28 (full 4):
 PSYoungGen      total 222208K, used 210261K [0x00000000e0000000, 0x00000000f0e80000, 0x0000000100000000)
  eden space 198656K, 100% used [0x00000000e0000000,0x00000000ec200000,0x00000000ec200000)
  from space 23552K, 49% used [0x00000000ec200000,0x00000000ecd55708,0x00000000ed900000)
  to   space 23040K, 0% used [0x00000000ef800000,0x00000000ef800000,0x00000000f0e80000)
 ParOldGen       total 125440K, used 53720K [0x00000000a0000000, 0x00000000a7a80000, 0x00000000e0000000)
  object space 125440K, 42% used [0x00000000a0000000,0x00000000a3476008,0x00000000a7a80000)
 Metaspace       used 72434K, capacity 75230K, committed 75352K, reserved 1114112K
  class space    used 9723K, capacity 10314K, committed 10368K, reserved 1048576K
Event: 76.679 GC heap after
Heap after GC invocations=28 (full 4):
 PSYoungGen      total 252928K, used 15234K [0x00000000e0000000, 0x00000000f1980000, 0x0000000100000000)
  eden space 229888K, 0% used [0x00000000e0000000,0x00000000e0000000,0x00000000ee080000)
  from space 23040K, 66% used [0x00000000ef800000,0x00000000f06e0918,0x00000000f0e80000)
  to   space 24064K, 0% used [0x00000000ee080000,0x00000000ee080000,0x00000000ef800000)
 ParOldGen       total 125440K, used 53728K [0x00000000a0000000, 0x00000000a7a80000, 0x00000000e0000000)
  object space 125440K, 42% used [0x00000000a0000000,0x00000000a3478008,0x00000000a7a80000)
 Metaspace       used 72434K, capacity 75230K, committed 75352K, reserved 1114112K
  class space    used 9723K, capacity 10314K, committed 10368K, reserved 1048576K
}
Event: 87.437 GC heap before
{Heap before GC invocations=29 (full 4):
 PSYoungGen      total 252928K, used 245002K [0x00000000e0000000, 0x00000000f1980000, 0x0000000100000000)
  eden space 229888K, 99% used [0x00000000e0000000,0x00000000ee061f50,0x00000000ee080000)
  from space 23040K, 66% used [0x00000000ef800000,0x00000000f06e0918,0x00000000f0e80000)
  to   space 24064K, 0% used [0x00000000ee080000,0x00000000ee080000,0x00000000ef800000)
 ParOldGen       total 125440K, used 53728K [0x00000000a0000000, 0x00000000a7a80000, 0x00000000e0000000)
  object space 125440K, 42% used [0x00000000a0000000,0x00000000a3478008,0x00000000a7a80000)
 Metaspace       used 73001K, capacity 75868K, committed 75992K, reserved 1114112K
  class space    used 9768K, capacity 10375K, committed 10496K, reserved 1048576K
Event: 87.562 GC heap after
Heap after GC invocations=29 (full 4):
 PSYoungGen      total 253952K, used 15324K [0x00000000e0000000, 0x00000000f2f80000, 0x0000000100000000)
  eden space 229888K, 0% used [0x00000000e0000000,0x00000000e0000000,0x00000000ee080000)
  from space 24064K, 63% used [0x00000000ee080000,0x00000000eef77148,0x00000000ef800000)
  to   space 24576K, 0% used [0x00000000f1780000,0x00000000f1780000,0x00000000f2f80000)
 ParOldGen       total 125440K, used 57184K [0x00000000a0000000, 0x00000000a7a80000, 0x00000000e0000000)
  object space 125440K, 45% used [0x00000000a0000000,0x00000000a37d8048,0x00000000a7a80000)
 Metaspace       used 73001K, capacity 75868K, committed 75992K, reserved 1114112K
  class space    used 9768K, capacity 10375K, committed 10496K, reserved 1048576K
}

Deoptimization events (10 events):
Event: 92.736 Thread 0x000000001f09e800 Uncommon trap: reason=class_check action=maybe_recompile pc=0x0000000003fc8d28 method=com.android.tools.r8.graph.DexItemFactory$$Lambda$567/773025938.compare(Ljava/lang/Object;Ljava/lang/Object;)I @ 5
Event: 92.736 Thread 0x000000001f09e800 Uncommon trap: reason=class_check action=maybe_recompile pc=0x0000000003fc8d28 method=com.android.tools.r8.graph.DexItemFactory$$Lambda$567/773025938.compare(Ljava/lang/Object;Ljava/lang/Object;)I @ 5
Event: 92.736 Thread 0x000000001f09e800 Uncommon trap: reason=class_check action=maybe_recompile pc=0x0000000003fc8d28 method=com.android.tools.r8.graph.DexItemFactory$$Lambda$567/773025938.compare(Ljava/lang/Object;Ljava/lang/Object;)I @ 5
Event: 92.737 Thread 0x000000001f09e800 Uncommon trap: reason=class_check action=maybe_recompile pc=0x0000000003fc8d28 method=com.android.tools.r8.graph.DexItemFactory$$Lambda$567/773025938.compare(Ljava/lang/Object;Ljava/lang/Object;)I @ 5
Event: 92.767 Thread 0x000000001f09e800 Uncommon trap: reason=bimorphic action=maybe_recompile pc=0x0000000003fc8198 method=com.android.tools.r8.graph.DexItemFactory.a(Lcom/android/tools/r8/naming/NamingLens;Lcom/android/tools/r8/graph/M;Lcom/android/tools/r8/graph/M;)I @ 3
Event: 92.767 Thread 0x000000001f09e800 Uncommon trap: reason=bimorphic action=maybe_recompile pc=0x0000000003fc8198 method=com.android.tools.r8.graph.DexItemFactory.a(Lcom/android/tools/r8/naming/NamingLens;Lcom/android/tools/r8/graph/M;Lcom/android/tools/r8/graph/M;)I @ 3
Event: 92.767 Thread 0x000000001f09e800 Uncommon trap: reason=bimorphic action=maybe_recompile pc=0x0000000003fc8198 method=com.android.tools.r8.graph.DexItemFactory.a(Lcom/android/tools/r8/naming/NamingLens;Lcom/android/tools/r8/graph/M;Lcom/android/tools/r8/graph/M;)I @ 3
Event: 92.767 Thread 0x000000001f09e800 Uncommon trap: reason=bimorphic action=maybe_recompile pc=0x0000000003fc8198 method=com.android.tools.r8.graph.DexItemFactory.a(Lcom/android/tools/r8/naming/NamingLens;Lcom/android/tools/r8/graph/M;Lcom/android/tools/r8/graph/M;)I @ 3
Event: 92.768 Thread 0x000000001f09e800 Uncommon trap: reason=bimorphic action=maybe_recompile pc=0x0000000003fca3d4 method=com.android.tools.r8.graph.DexItemFactory.a(Lcom/android/tools/r8/naming/NamingLens;Lcom/android/tools/r8/graph/M;Lcom/android/tools/r8/graph/M;)I @ 3
Event: 93.848 Thread 0x0000000019913800 Uncommon trap: reason=unstable_if action=reinterpret pc=0x0000000002b91c64 method=com.android.tools.r8.n.a.a.a.h.N.a(Ljava/lang/Object;I)I @ 230

Classes redefined (0 events):
No events

Internal exceptions (10 events):
Event: 87.616 Thread 0x0000000019907800 Exception <a 'sun/nio/fs/WindowsException'> (0x00000000e01ce420) thrown at [D:\src\AOSP-openjdk-cygwin\jdk8u\hotspot\src\share\vm\prims\jni.cpp, line 710]
Event: 87.624 Thread 0x0000000019907800 Exception <a 'sun/nio/fs/WindowsException'> (0x00000000e0214d60) thrown at [D:\src\AOSP-openjdk-cygwin\jdk8u\hotspot\src\share\vm\prims\jni.cpp, line 710]
Event: 87.630 Thread 0x0000000019907800 Exception <a 'sun/nio/fs/WindowsException'> (0x00000000e025b3a8) thrown at [D:\src\AOSP-openjdk-cygwin\jdk8u\hotspot\src\share\vm\prims\jni.cpp, line 710]
Event: 87.637 Thread 0x0000000019907800 Exception <a 'sun/nio/fs/WindowsException'> (0x00000000e02a2bf0) thrown at [D:\src\AOSP-openjdk-cygwin\jdk8u\hotspot\src\share\vm\prims\jni.cpp, line 710]
Event: 87.646 Thread 0x0000000019907800 Exception <a 'sun/nio/fs/WindowsException'> (0x00000000e02a9300) thrown at [D:\src\AOSP-openjdk-cygwin\jdk8u\hotspot\src\share\vm\prims\jni.cpp, line 710]
Event: 88.433 Thread 0x0000000019049800 Exception <a 'java/lang/NoSuchMethodError': <clinit>> (0x00000000e0bd7878) thrown at [D:\src\AOSP-openjdk-cygwin\jdk8u\hotspot\src\share\vm\prims\jni.cpp, line 1614]
Event: 91.145 Thread 0x000000001990d000 Exception <a 'sun/nio/fs/WindowsException'> (0x00000000e174b478) thrown at [D:\src\AOSP-openjdk-cygwin\jdk8u\hotspot\src\share\vm\prims\jni.cpp, line 710]
Event: 91.220 Thread 0x000000001f09e800 Exception <a 'sun/nio/fs/WindowsException'> (0x00000000e18c31e0) thrown at [D:\src\AOSP-openjdk-cygwin\jdk8u\hotspot\src\share\vm\prims\jni.cpp, line 710]
Event: 92.275 Thread 0x0000000019910000 Implicit null exception at 0x0000000003d5ecaf to 0x0000000003d5ed9d
Event: 92.295 Thread 0x0000000019913800 Implicit null exception at 0x0000000003d5ecaf to 0x0000000003d5ed9d

Events (10 events):
Event: 93.835 Executing VM operation: RevokeBias done
Event: 93.836 Executing VM operation: RevokeBias
Event: 93.836 Executing VM operation: RevokeBias done
Event: 93.836 Executing VM operation: RevokeBias
Event: 93.840 Executing VM operation: RevokeBias done
Event: 93.842 loading class com/android/tools/r8/n/a/a/a/g/x
Event: 93.842 loading class com/android/tools/r8/n/a/a/a/g/x done
Event: 93.848 Thread 0x0000000019913800 Uncommon trap: trap_request=0xffffff65 fr.pc=0x0000000002b91c64
Event: 93.848 Thread 0x0000000019913800 DEOPT PACKING pc=0x0000000002b91c64 sp=0x00000000230ce890
Event: 93.848 Thread 0x0000000019913800 DEOPT UNPACKING pc=0x000000000299557b sp=0x00000000230ce830 mode 2


Dynamic libraries:
0x00007ff6e8410000 - 0x00007ff6e8441000 	C:\Program Files\Android\Android Studio\jre\bin\java.exe
0x00007ffc1ec60000 - 0x00007ffc1ee50000 	C:\WINDOWS\SYSTEM32\ntdll.dll
0x00007ffc1e470000 - 0x00007ffc1e522000 	C:\WINDOWS\System32\KERNEL32.DLL
0x00007ffc1c680000 - 0x00007ffc1c923000 	C:\WINDOWS\System32\KERNELBASE.dll
0x00007ffc1df60000 - 0x00007ffc1e003000 	C:\WINDOWS\System32\ADVAPI32.dll
0x00007ffc1e230000 - 0x00007ffc1e2ce000 	C:\WINDOWS\System32\msvcrt.dll
0x00007ffc1d490000 - 0x00007ffc1d527000 	C:\WINDOWS\System32\sechost.dll
0x00007ffc1e110000 - 0x00007ffc1e230000 	C:\WINDOWS\System32\RPCRT4.dll
0x00007ffc1e2d0000 - 0x00007ffc1e464000 	C:\WINDOWS\System32\USER32.dll
0x00007ffc1c3f0000 - 0x00007ffc1c411000 	C:\WINDOWS\System32\win32u.dll
0x00007ffc1cd10000 - 0x00007ffc1cd36000 	C:\WINDOWS\System32\GDI32.dll
0x00007ffc1ca80000 - 0x00007ffc1cc14000 	C:\WINDOWS\System32\gdi32full.dll
0x00007ffc1cc20000 - 0x00007ffc1ccbe000 	C:\WINDOWS\System32\msvcp_win.dll
0x00007ffc1c580000 - 0x00007ffc1c67a000 	C:\WINDOWS\System32\ucrtbase.dll
0x00007ffc0aed0000 - 0x00007ffc0b155000 	C:\WINDOWS\WinSxS\amd64_microsoft.windows.common-controls_6595b64144ccf1df_6.0.18362.418_none_e6c6b287130d565d\COMCTL32.dll
0x00007ffc1d600000 - 0x00007ffc1d936000 	C:\WINDOWS\System32\combase.dll
0x00007ffc1bbf0000 - 0x00007ffc1bc70000 	C:\WINDOWS\System32\bcryptPrimitives.dll
0x00007ffc1e0e0000 - 0x00007ffc1e10e000 	C:\WINDOWS\System32\IMM32.DLL
0x0000000060480000 - 0x0000000060552000 	C:\Program Files\Android\Android Studio\jre\jre\bin\msvcr100.dll
0x00000000585a0000 - 0x0000000058de6000 	C:\Program Files\Android\Android Studio\jre\jre\bin\server\jvm.dll
0x00007ffc1cd40000 - 0x00007ffc1cd48000 	C:\WINDOWS\System32\PSAPI.DLL
0x00007ffc18ee0000 - 0x00007ffc18f04000 	C:\WINDOWS\SYSTEM32\WINMM.dll
0x00007ffc148c0000 - 0x00007ffc148ca000 	C:\WINDOWS\SYSTEM32\VERSION.dll
0x00007ffc15720000 - 0x00007ffc15729000 	C:\WINDOWS\SYSTEM32\WSOCK32.dll
0x00007ffc1d420000 - 0x00007ffc1d48f000 	C:\WINDOWS\System32\WS2_32.dll
0x00007ffc18cd0000 - 0x00007ffc18cfd000 	C:\WINDOWS\SYSTEM32\winmmbase.dll
0x00007ffc1c420000 - 0x00007ffc1c46a000 	C:\WINDOWS\System32\cfgmgr32.dll
0x00007ffc114e0000 - 0x00007ffc114ef000 	C:\Program Files\Android\Android Studio\jre\jre\bin\verify.dll
0x00007ffc04e30000 - 0x00007ffc04e59000 	C:\Program Files\Android\Android Studio\jre\jre\bin\java.dll
0x00007ffc0fec0000 - 0x00007ffc0fed6000 	C:\Program Files\Android\Android Studio\jre\jre\bin\zip.dll
0x00007ffc1e530000 - 0x00007ffc1ec15000 	C:\WINDOWS\System32\SHELL32.dll
0x00007ffc1d960000 - 0x00007ffc1da09000 	C:\WINDOWS\System32\shcore.dll
0x00007ffc1bc70000 - 0x00007ffc1c3ef000 	C:\WINDOWS\System32\windows.storage.dll
0x00007ffc1bb90000 - 0x00007ffc1bbaf000 	C:\WINDOWS\System32\profapi.dll
0x00007ffc1bb40000 - 0x00007ffc1bb8a000 	C:\WINDOWS\System32\powrprof.dll
0x00007ffc1bb30000 - 0x00007ffc1bb40000 	C:\WINDOWS\System32\UMPDC.dll
0x00007ffc1cdc0000 - 0x00007ffc1ce12000 	C:\WINDOWS\System32\shlwapi.dll
0x00007ffc1bbd0000 - 0x00007ffc1bbe1000 	C:\WINDOWS\System32\kernel.appcore.dll
0x00007ffc1ccc0000 - 0x00007ffc1ccd7000 	C:\WINDOWS\System32\cryptsp.dll
0x00007ffc04e10000 - 0x00007ffc04e2a000 	C:\Program Files\Android\Android Studio\jre\jre\bin\net.dll
0x00007ffc1b340000 - 0x00007ffc1b3a7000 	C:\WINDOWS\system32\mswsock.dll
0x00007ffc04a70000 - 0x00007ffc04a81000 	C:\Program Files\Android\Android Studio\jre\jre\bin\nio.dll
0x00007ffbfa880000 - 0x00007ffbfa8a6000 	C:\Users\Owner\.gradle\native\29\windows-amd64\native-platform.dll
0x00007ffc107e0000 - 0x00007ffc107ed000 	C:\Program Files\Android\Android Studio\jre\jre\bin\management.dll
0x00007ffc1aeb0000 - 0x00007ffc1aee3000 	C:\WINDOWS\system32\rsaenh.dll
0x00007ffc1cce0000 - 0x00007ffc1cd06000 	C:\WINDOWS\System32\bcrypt.dll
0x00007ffc1ba50000 - 0x00007ffc1ba75000 	C:\WINDOWS\SYSTEM32\USERENV.dll
0x00007ffc1b510000 - 0x00007ffc1b51c000 	C:\WINDOWS\SYSTEM32\CRYPTBASE.dll
0x00007ffc1b050000 - 0x00007ffc1b08a000 	C:\WINDOWS\SYSTEM32\IPHLPAPI.DLL
0x00007ffc1d950000 - 0x00007ffc1d958000 	C:\WINDOWS\System32\NSI.dll
0x00007ffc0f370000 - 0x00007ffc0f386000 	C:\WINDOWS\SYSTEM32\dhcpcsvc6.DLL
0x00007ffc0f900000 - 0x00007ffc0f91c000 	C:\WINDOWS\SYSTEM32\dhcpcsvc.DLL
0x00007ffc1b090000 - 0x00007ffc1b15a000 	C:\WINDOWS\SYSTEM32\DNSAPI.dll

VM Arguments:
jvm_args: -Xmx1536m -Dfile.encoding=windows-1252 -Duser.country=US -Duser.language=en -Duser.variant 
java_command: org.gradle.launcher.daemon.bootstrap.GradleDaemon 5.4.1
java_class_path (initial): C:\Users\Owner\.gradle\wrapper\dists\gradle-5.4.1-all\3221gyojl5jsh0helicew7rwx\gradle-5.4.1\lib\gradle-launcher-5.4.1.jar
Launcher Type: SUN_STANDARD

Environment Variables:
PATH=C:\Program Files (x86)\Common Files\Oracle\Java\javapath;C:\WINDOWS\system32;C:\WINDOWS;C:\WINDOWS\System32\Wbem;C:\WINDOWS\System32\WindowsPowerShell\v1.0\;C:\WINDOWS\System32\OpenSSH\;C:\Program Files\Git\cmd;C:\Program Files\nodejs\;C:\Program Files\MATLAB\R2019b\bin;C:\Users\Owner\AppData\Local\Microsoft\WindowsApps;C:\Program Files\JetBrains\PyCharm Community Edition 2019.1.3\bin;C:\Users\Owner\AppData\Local\Programs\Microsoft VS Code\bin;C:\Users\Owner\AppData\Local\Microsoft\WindowsApps;C:\Users\Owner\AppData\Roaming\npm;C:\Program Files (x86)\heroku\bin
USERNAME=Owner
OS=Windows_NT
PROCESSOR_IDENTIFIER=Intel64 Family 6 Model 142 Stepping 9, GenuineIntel



---------------  S Y S T E M  ---------------

OS: Windows 10.0 , 64 bit Build 18362 (10.0.18362.329)

CPU:total 4 (initial active 4) (2 cores per cpu, 2 threads per core) family 6 model 142 stepping 9, cmov, cx8, fxsr, mmx, sse, sse2, sse3, ssse3, sse4.1, sse4.2, popcnt, aes, clmul, erms, 3dnowpref, lzcnt, ht, tsc, tscinvbit

Memory: 4k page, physical 4057484k(169752k free), swap 16640396k(2284k free)

vm_info: OpenJDK 64-Bit Server VM (25.202-b03) for windows-amd64 JRE (1.8.0_202-release-1483-b03), built by "builder" with MS VC++ 10.0 (VS2010)

time: Mon Nov 04 02:14:15 2019
timezone: GMT Standard Time
elapsed time: 94 seconds (0d 0h 1m 34s)

